<?xml version="1.0" encoding="UTF-8"?>
<testng-results ignored="0" total="1" passed="1" failed="0" skipped="0">
  <reporter-output>
  </reporter-output>
  <suite started-at="2024-02-01T15:22:01 IST" name="Suite" finished-at="2024-02-01T15:22:30 IST" duration-ms="29342">
    <groups>
    </groups>
    <test started-at="2024-02-01T15:22:01 IST" name="Test" finished-at="2024-02-01T15:22:30 IST" duration-ms="29342">
      <class name="testCases.AssignTestcase1">
        <test-method signature="testProductPrice()[pri:0, instance:testCases.AssignTestcase1@3a5ecce3]" started-at="2024-02-01T15:22:01 IST" name="testProductPrice" finished-at="2024-02-01T15:22:30 IST" duration-ms="28949" status="PASS">
          <reporter-output>
          </reporter-output>
        </test-method> <!-- testProductPrice -->
      </class> <!-- testCases.AssignTestcase1 -->
    </test> <!-- Test -->
  </suite> <!-- Suite -->
</testng-results>
